[0m14:12:36.139722 [debug] [MainThread]: Sending event: {'category': 'dbt', 'action': 'invocation', 'label': 'start', 'context': [<snowplow_tracker.self_describing_json.SelfDescribingJson object at 0x1049469d0>, <snowplow_tracker.self_describing_json.SelfDescribingJson object at 0x10609f7c0>, <snowplow_tracker.self_describing_json.SelfDescribingJson object at 0x10609faf0>]}


============================== 14:12:36.142727 | 15979c1a-a44d-4dad-a8df-b49cbd85bd61 ==============================
[0m14:12:36.142727 [info ] [MainThread]: Running with dbt=1.10.3
[0m14:12:36.143130 [debug] [MainThread]: running dbt with arguments {'printer_width': '80', 'indirect_selection': 'eager', 'write_json': 'True', 'log_cache_events': 'False', 'partial_parse': 'True', 'cache_selected_only': 'False', 'profiles_dir': '/Users/arvildey/.dbt', 'debug': 'False', 'warn_error': 'None', 'log_path': 'logs', 'version_check': 'True', 'fail_fast': 'False', 'use_colors': 'True', 'use_experimental_parser': 'False', 'no_print': 'None', 'quiet': 'False', 'empty': 'None', 'warn_error_options': 'WarnErrorOptionsV2(error=[], warn=[], silence=[])', 'invocation_command': 'dbt init revmatch_dbt', 'static_parser': 'True', 'introspect': 'True', 'target_path': 'None', 'log_format': 'default', 'send_anonymous_usage_stats': 'True'}
[0m14:12:36.151067 [info ] [MainThread]: Creating dbt configuration folder at /Users/arvildey/.dbt
[0m14:12:36.152023 [debug] [MainThread]: Starter project path: /Users/arvildey/Documents/revmatch/.venv/lib/python3.9/site-packages/dbt/include/starter_project
[0m14:12:36.155512 [info ] [MainThread]: 
Your new dbt project "revmatch_dbt" was created!

For more information on how to configure the profiles.yml file,
please consult the dbt documentation here:

  https://docs.getdbt.com/docs/configure-your-profile

One more thing:

Need help? Don't hesitate to reach out to us via GitHub issues or on Slack:

  https://community.getdbt.com/

Happy modeling!

[0m14:12:36.156032 [info ] [MainThread]: Setting up your profile.
[0m14:13:17.580940 [info ] [MainThread]: Profile revmatch_dbt written to /Users/arvildey/.dbt/profiles.yml using target's sample configuration. Once updated, you'll be able to start developing with dbt.
[0m14:13:17.583379 [debug] [MainThread]: Resource report: {"command_name": "init", "command_success": true, "command_wall_clock_time": 41.49103, "process_in_blocks": "0", "process_kernel_time": 0.115133, "process_mem_max_rss": "105365504", "process_out_blocks": "0", "process_user_time": 0.897242}
[0m14:13:17.583955 [debug] [MainThread]: Command `dbt init` succeeded at 14:13:17.583863 after 41.49 seconds
[0m14:13:17.584315 [debug] [MainThread]: Sending event: {'category': 'dbt', 'action': 'invocation', 'label': 'end', 'context': [<snowplow_tracker.self_describing_json.SelfDescribingJson object at 0x1049469d0>, <snowplow_tracker.self_describing_json.SelfDescribingJson object at 0x105ee8190>, <snowplow_tracker.self_describing_json.SelfDescribingJson object at 0x10609f040>]}
[0m14:13:17.584679 [debug] [MainThread]: Flushing usage events
[0m14:13:17.874113 [debug] [MainThread]: An error was encountered while trying to flush usage events
[0m14:23:05.014161 [debug] [MainThread]: Sending event: {'category': 'dbt', 'action': 'invocation', 'label': 'start', 'context': [<snowplow_tracker.self_describing_json.SelfDescribingJson object at 0x103a8ba00>, <snowplow_tracker.self_describing_json.SelfDescribingJson object at 0x10495a760>, <snowplow_tracker.self_describing_json.SelfDescribingJson object at 0x10495aa90>]}


============================== 14:23:05.017455 | cd67fe87-220a-4fd7-b583-4d3162ca55de ==============================
[0m14:23:05.017455 [info ] [MainThread]: Running with dbt=1.10.3
[0m14:23:05.017843 [debug] [MainThread]: running dbt with arguments {'printer_width': '80', 'indirect_selection': 'eager', 'log_cache_events': 'False', 'write_json': 'True', 'partial_parse': 'True', 'cache_selected_only': 'False', 'profiles_dir': '/Users/arvildey/.dbt', 'debug': 'False', 'fail_fast': 'False', 'log_path': 'logs', 'warn_error': 'None', 'version_check': 'True', 'use_colors': 'True', 'use_experimental_parser': 'False', 'no_print': 'None', 'quiet': 'False', 'empty': 'None', 'log_format': 'default', 'invocation_command': 'dbt seed', 'warn_error_options': 'WarnErrorOptionsV2(error=[], warn=[], silence=[])', 'introspect': 'True', 'target_path': 'None', 'static_parser': 'True', 'send_anonymous_usage_stats': 'True'}
[0m14:23:05.018258 [error] [MainThread]: Encountered an error:
Runtime Error
  No dbt_project.yml found at expected path /Users/arvildey/Documents/revmatch/dbt/dbt_project.yml
  Verify that each entry within packages.yml (and their transitive dependencies) contains a file named dbt_project.yml
  
[0m14:23:05.019915 [debug] [MainThread]: Resource report: {"command_name": "seed", "command_success": false, "command_wall_clock_time": 0.05339671, "process_in_blocks": "0", "process_kernel_time": 0.097814, "process_mem_max_rss": "96190464", "process_out_blocks": "0", "process_user_time": 0.796434}
[0m14:23:05.020322 [debug] [MainThread]: Command `dbt seed` failed at 14:23:05.020257 after 0.05 seconds
[0m14:23:05.020563 [debug] [MainThread]: Sending event: {'category': 'dbt', 'action': 'invocation', 'label': 'end', 'context': [<snowplow_tracker.self_describing_json.SelfDescribingJson object at 0x103a8ba00>, <snowplow_tracker.self_describing_json.SelfDescribingJson object at 0x104944640>, <snowplow_tracker.self_describing_json.SelfDescribingJson object at 0x104944070>]}
[0m14:23:05.020792 [debug] [MainThread]: Flushing usage events
[0m14:23:05.395597 [debug] [MainThread]: An error was encountered while trying to flush usage events
